<?xml version="1.0" encoding="UTF-8"?>
<testsuites name="Test Suite1" time="13" tests="2" failures="0" errors="0">
   <testsuite name="Test Suite1" tests="2" failures="0" errors="0" time="13" timestamp="2017-08-30 16:20:02" hostname="user - 192.168.88.133" id="Test Suites/Test Suite1">
      <properties>
         <property name="deviceName" value=""/>
         <property name="devicePlatform" value=""/>
         <property name="logFolder" value="/Users/user/git/VIV-Blind/Reports/Test Suite1/20170830_161949"/>
         <property name="logFiles" value="/Users/user/git/VIV-Blind/Reports/Test Suite1/20170830_161949/execution0.log"/>
         <property name="attachments" value=""/>
         <property name="hostName" value="user - 192.168.88.133"/>
         <property name="os" value="Mac OS X 64bit"/>
         <property name="katalonVersion" value="4.7.2.1"/>
         <property name="browser" value="Chrome 60.0.3112.113"/>
         <property name="hostAddress" value="192.168.88.133"/>
         <property name="sessionId" value="1547b944cee31575f486e71a77dfd765"/>
         <property name="seleniumVersion" value="2.53.0"/>
         <property name="proxyInformation" value="ProxyInformation{proxyOption=NO_PROXY, proxyServerType=HTTP, password=, proxyServerAddress=, proxyServerPort=0}"/>
         <property name="platform" value="Mac OS X"/>
      </properties>
      <testcase name="Test Cases/Test case1" classname="Test Cases/Test case1" status="PASSED">
         <system-out><![CDATA[2017-08-30 16:20:03 - [TEST_CASE][PASSED] - Test Cases/Test case1: Test Cases/Test case1

2017-08-30 16:20:03 - [TEST_STEP][PASSED] - openBrowser: Browser is opened with url: ''

2017-08-30 16:20:07 - [MESSAGE][PASSED] - Browser is opened with url: ''

2017-08-30 16:20:07 - [TEST_STEP][PASSED] - navigateToUrl: Navigate to 'http://vivblind.play2pay.me/' successfully

2017-08-30 16:20:09 - [MESSAGE][PASSED] - Navigate to 'http://vivblind.play2pay.me/' successfully

2017-08-30 16:20:09 - [TEST_STEP][PASSED] - setText: Text 'admin@bda.com' is set on object 'Object Repository/Test1/Page_/input_EMAIL'

2017-08-30 16:20:09 - [MESSAGE][PASSED] - Text 'admin@bda.com' is set on object 'Object Repository/Test1/Page_/input_EMAIL'

2017-08-30 16:20:09 - [TEST_STEP][PASSED] - setText: Text 'admin' is set on object 'Object Repository/Test1/Page_/input_password'

2017-08-30 16:20:09 - [MESSAGE][PASSED] - Text 'admin' is set on object 'Object Repository/Test1/Page_/input_password'

2017-08-30 16:20:09 - [TEST_STEP][PASSED] - submit: The form containing object: 'Object Repository/Test1/Page_/form_form-horizontal' is submitted

2017-08-30 16:20:10 - [MESSAGE][PASSED] - The form containing object: 'Object Repository/Test1/Page_/form_form-horizontal' is submitted

2017-08-30 16:20:10 - [TEST_STEP][PASSED] - closeBrowser: Browser is closed

2017-08-30 16:20:10 - [MESSAGE][PASSED] - Browser is closed]]></system-out>
         <system-err><![CDATA[]]></system-err>
      </testcase>
      <testcase name="Test Cases/Test case2" classname="Test Cases/Test case2" status="PASSED">
         <system-out><![CDATA[2017-08-30 16:20:10 - [TEST_CASE][PASSED] - Test Cases/Test case2: Test Cases/Test case2

2017-08-30 16:20:11 - [TEST_STEP][PASSED] - openBrowser: Browser is opened with url: ''

2017-08-30 16:20:12 - [MESSAGE][PASSED] - Browser is opened with url: ''

2017-08-30 16:20:12 - [TEST_STEP][PASSED] - navigateToUrl: Navigate to 'http://vivblind.play2pay.me/' successfully

2017-08-30 16:20:14 - [MESSAGE][PASSED] - Navigate to 'http://vivblind.play2pay.me/' successfully

2017-08-30 16:20:14 - [TEST_STEP][PASSED] - setText: Text 'admin@gmail.com' is set on object 'Object Repository/Page_/input_EMAIL'

2017-08-30 16:20:14 - [MESSAGE][PASSED] - Text 'admin@gmail.com' is set on object 'Object Repository/Page_/input_EMAIL'

2017-08-30 16:20:14 - [TEST_STEP][PASSED] - setText: Text '23234' is set on object 'Object Repository/Page_/input_password'

2017-08-30 16:20:14 - [MESSAGE][PASSED] - Text '23234' is set on object 'Object Repository/Page_/input_password'

2017-08-30 16:20:14 - [TEST_STEP][PASSED] - click: Object: 'Object Repository/Page_/button_' is clicked on

2017-08-30 16:20:15 - [MESSAGE][PASSED] - Object: 'Object Repository/Page_/button_' is clicked on

2017-08-30 16:20:15 - [TEST_STEP][PASSED] - verifyTextPresent: Text 'กรุณากรอก รหัสสมาชิก หรือ รหัสผ่านให้ถูกต้อง' is present on page 

2017-08-30 16:20:15 - [MESSAGE][PASSED] - Text 'กรุณากรอก รหัสสมาชิก หรือ รหัสผ่านให้ถูกต้อง' is present on page 

2017-08-30 16:20:15 - [TEST_STEP][PASSED] - closeBrowser: Browser is closed

2017-08-30 16:20:15 - [MESSAGE][PASSED] - Browser is closed]]></system-out>
         <system-err><![CDATA[]]></system-err>
      </testcase>
      <system-out><![CDATA[2017-08-30 16:20:02 - [TEST_SUITE][PASSED] - Test Suite1: Test Cases/Test case2]]></system-out>
      <system-err><![CDATA[]]></system-err>
   </testsuite>
</testsuites>
